<?xml version="1.0" encoding="UTF-8"?>
<!-- Generated by org.testng.reporters.JUnitReportReporter -->
<testsuite hostname="Dariya_Mouli" failures="0" tests="17" name="Apple.HomeAssignment.SearchAPITest" time="4.572" errors="0" timestamp="2023-01-17T15:41:36 IST" skipped="0">
  <testcase classname="Apple.HomeAssignment.SearchAPITest" name="searchAPITest" time="0.100"/>
  <system-out/>
  <testcase classname="Apple.HomeAssignment.SearchAPITest" name="searchAPITest" time="0.104"/>
  <system-out/>
  <testcase classname="Apple.HomeAssignment.SearchAPITest" name="searchAPITest" time="0.102"/>
  <system-out/>
  <testcase classname="Apple.HomeAssignment.SearchAPITest" name="searchAPITestInvalidValues" time="0.507"/>
  <system-out/>
  <testcase classname="Apple.HomeAssignment.SearchAPITest" name="searchAPITestMultiKeyValues" time="0.103"/>
  <system-out/>
  <testcase classname="Apple.HomeAssignment.SearchAPITest" name="searchAPITestInvalidValues" time="0.501"/>
  <system-out/>
  <testcase classname="Apple.HomeAssignment.SearchAPITest" name="searchAPITest" time="0.097"/>
  <system-out/>
  <testcase classname="Apple.HomeAssignment.SearchAPITest" name="searchAPITest" time="0.100"/>
  <system-out/>
  <testcase classname="Apple.HomeAssignment.SearchAPITest" name="searchAPITestMultiKeyValues" time="0.125"/>
  <system-out/>
  <testcase classname="Apple.HomeAssignment.SearchAPITest" name="searchAPITest" time="0.103"/>
  <system-out/>
  <testcase classname="Apple.HomeAssignment.SearchAPITest" name="searchAPITestInvalidValues" time="0.517"/>
  <system-out/>
  <testcase classname="Apple.HomeAssignment.SearchAPITest" name="searchAPITest" time="0.121"/>
  <system-out/>
  <testcase classname="Apple.HomeAssignment.SearchAPITest" name="searchAPITest" time="0.126"/>
  <system-out/>
  <testcase classname="Apple.HomeAssignment.SearchAPITest" name="searchAPITestInvalidValues" time="0.704"/>
  <system-out/>
  <testcase classname="Apple.HomeAssignment.SearchAPITest" name="searchAPITestMultiKeyValues" time="0.116"/>
  <system-out/>
  <testcase classname="Apple.HomeAssignment.SearchAPITest" name="searchAPITest" time="1.041"/>
  <system-out/>
  <testcase classname="Apple.HomeAssignment.SearchAPITest" name="searchAPITest" time="0.105"/>
  <system-out/>
</testsuite> <!-- Apple.HomeAssignment.SearchAPITest -->
